make all --print-data-base --no-builtin-variables --no-builtin-rules --question
# GNU Make 3.81
# Copyright (C) 2006  Free Software Foundation, Inc.
# This is free software; see the source for copying conditions.
# There is NO warranty; not even for MERCHANTABILITY or FITNESS FOR A
# PARTICULAR PURPOSE.

# This program built for i386-apple-darwin11.3.0
 
make: *** No rule to make target `all'.  Stop.
 

# Make data base, printed on Thu Aug 12 21:11:18 2021

# Variables

# automatic
<D = $(patsubst %/,%,$(dir $<))
# automatic
?F = $(notdir $?)
# environment
ELECTRON_NO_ATTACH_CONSOLE = 1
# makefile (from `Makefile', line 3)
PROJECT_SLUG := ssp-eks-sample-app
# environment
VSCODE_LOG_NATIVE = false
# environment
NVM_INC = /Users/kcaws/.nvm/versions/node/v12.18.2/include/node
# automatic
?D = $(patsubst %/,%,$(dir $?))
# automatic
@D = $(patsubst %/,%,$(dir $@))
# automatic
@F = $(notdir $@)
# makefile
CURDIR := /Users/kcaws/Desktop/aws/eks-ssp/ssp-eks-sample-app
# makefile
SHELL = /bin/sh
# environment
VSCODE_NLS_CONFIG = {"locale":"en-us","availableLanguages":{},"_languagePackSupport":true}
# environment
_ = /usr/bin/make
# makefile (from `Makefile', line 10)
IMAGE_NAME = $(IMAGE_REPO)/$(PROJECT_SLUG)
# makefile (from `Makefile', line 1)
MAKEFILE_LIST :=  Makefile
# environment
VSCODE_VERBOSE_LOGGING = true
# environment
__CFBundleIdentifier = com.googlecode.iterm2
# environment
VSCODE_IPC_HOOK_EXTHOST = /var/folders/7f/sxrgmwsj24j2x4vb8mgwl6cmxv7q1y/T/vscode-ipc-c4ca8c19-5f30-4b28-a8f7-b09ff3cf8c48.sock
# environment
VSCODE_CWD = /Users/kcaws/Desktop/aws/eks-ssp/ssp-eks-sample-app
# environment
PATH = /Users/kcaws/.local/bin:/usr/local/opt/openjdk/bin:/Users/kcaws/.nvm/versions/node/v12.18.2/bin:/usr/local/bin:/usr/bin:/bin:/usr/sbin:/sbin:/Library/Apple/usr/bin
# environment
LSCOLORS = Gxfxcxdxbxegedabagacad
# environment
SPACESHIP_VERSION = 3.11.2
# environment
NVM_BIN = /Users/kcaws/.nvm/versions/node/v12.18.2/bin
# environment
VSCODE_LOG_STACK = false
# environment
ELECTRON_RUN_AS_NODE = 1
# default
.FEATURES := target-specific order-only second-expansion else-if archives jobserver check-symlink
# makefile (from `Makefile', line 8)
TAG := 34e627c_1628827878
# environment
SSH_AUTH_SOCK = /private/tmp/com.apple.launchd.BbLavs4QTt/Listeners
# automatic
%F = $(notdir $%)
# environment
VSCODE_PIPE_LOGGING = true
# environment
PWD = /Users/kcaws/Desktop/aws/eks-ssp/ssp-eks-sample-app
# environment
ORIGINAL_XDG_CURRENT_DESKTOP = undefined
# environment
VSCODE_AMD_ENTRYPOINT = vs/workbench/services/extensions/node/extensionHostProcess
# environment
HOME = /Users/kcaws
# default
MAKEFILEPATH := /Applications/Xcode.app/Contents/Developer/Makefiles
# environment
VSCODE_CLI = 1
# environment
VSCODE_CODE_CACHE_PATH = /Users/kcaws/Library/Application Support/Code/CachedData/c3f126316369cd610563c75b1b1725e0679adfb3
# environment
LOGNAME = kcaws
# environment
APPLICATION_INSIGHTS_NO_DIAGNOSTIC_CHANNEL = true
# environment
NVM_CD_FLAGS = -q
# makefile (from `Makefile', line 11)
TAGGED_IMAGE = $(IMAGE_NAME):$(TAG)
# environment
ZSH = /Users/kcaws/.oh-my-zsh
# environment
VSCODE_HANDLES_UNCAUGHT_ERRORS = true
# automatic
^D = $(patsubst %/,%,$(dir $^))
# environment
XPC_FLAGS = 0x0
# environment
COLORTERM = truecolor
# default
MAKE = $(MAKE_COMMAND)
# environment
LC_TERMINAL = iTerm2
# makefile (from `Makefile', line 4)
IMAGE_REPO := Uncertain
# environment
SHLVL = 3
# default
MAKE_VERSION := 3.81
# environment
USER = kcaws
# makefile
.DEFAULT_GOAL := docker-build
# default
MAKECMDGOALS := all
# environment
TERM_SESSION_ID = w0t2p0:CC0432B8-AEBF-42A9-BCE2-99C673D85943
# environment
LESS = -R
# automatic
%D = $(patsubst %/,%,$(dir $%))
# default
MAKE_COMMAND := /Applications/Xcode.app/Contents/Developer/usr/bin/make
# makefile (from `Makefile', line 12)
LATEST_IMAGE = $(IMAGE_NAME):latest
# environment
TERM_PROGRAM = iTerm.app
# default
.VARIABLES := 
# environment
TMPDIR = /var/folders/7f/sxrgmwsj24j2x4vb8mgwl6cmxv7q1y/T/
# automatic
*F = $(notdir $*)
# environment
VSCODE_IPC_HOOK = /Users/kcaws/Library/Application Support/Code/1.58.2-main.sock
# makefile (from `Makefile', line 7)
HEAD_REF = $(shell git rev-list HEAD --max-count=1 --abbrev-commit)
# makefile
MAKEFLAGS = Rrqp
# environment
MFLAGS = -Rrqp
# automatic
*D = $(patsubst %/,%,$(dir $*))
# environment
TERM_PROGRAM_VERSION = 3.4.4
# environment
NVM_DIR = /Users/kcaws/.nvm
# environment
XPC_SERVICE_NAME = 0
# environment
LC_TERMINAL_VERSION = 3.4.4
# makefile (from `Makefile', line 6)
TS = $(shell date +%s)
# automatic
+D = $(patsubst %/,%,$(dir $+))
# automatic
+F = $(notdir $+)
# environment
ITERM_SESSION_ID = w0t2p0:CC0432B8-AEBF-42A9-BCE2-99C673D85943
# environment
COLORFGBG = 15;0
# environment
__CF_USER_TEXT_ENCODING = 0x3BB3DC3E:0x0:0x0
# environment
COMMAND_MODE = unix2003
# default
MAKEFILES := 
# environment
VSCODE_BROWSER_CODE_LOADING = bypassHeatCheck
# automatic
<F = $(notdir $<)
# environment
ITERM_PROFILE = Default
# environment
PAGER = less
# environment
LC_ALL = C
# environment
SPACESHIP_ROOT = /usr/local/lib/node_modules/spaceship-prompt
# automatic
^F = $(notdir $^)
# default
SUFFIXES := 
# default
.INCLUDE_DIRS = /usr/local/include
# environment
MAKELEVEL := 0
# environment
LANG = C
# environment
TERM = xterm-256color
# environment
VSCODE_PID = 81522
# variable set hash-table stats:
 
# Load=93/1024=9%, Rehash=0, Collisions=4/123=3%

# Pattern-specific Variable Values

# No pattern-specific variable values.

# Directories

# . (device 16777220, inode 50178423): 14 files, no impossibilities.

# 14 files, no impossibilities in 1 directories.

# Implicit Rules

# No implicit rules.

# Files

# Not a target:
all:
#  Command-line target.
#  Implicit rule search has been done.
#  File does not exist.
#  File has not been updated.
# variable set hash-table stats:
# Load=0/32=0%, Rehash=0, Collisions=0/0=0%

docker-build:
#  Implicit rule search has not been done.
#  Modification time never checked.
#  File has not been updated.
#  commands to execute (from `Makefile', line 15):
	@echo "Building docker container..."
	docker build \
	--cache-from=$(LATEST_IMAGE) \
	-t $(LATEST_IMAGE) \
	-t $(TAGGED_IMAGE) \
	-f Dockerfile . 
	

# Not a target:
.SUFFIXES:
#  Implicit rule search has not been done.
#  Modification time never checked.
#  File has not been updated.

# Not a target:
Makefile:
#  Implicit rule search has been done.
#  Last modified 2021-08-12 17:10:39
#  File has been updated.
#  Successfully updated.
# variable set hash-table stats:
# Load=0/32=0%, Rehash=0, Collisions=0/0=0%

# Not a target:
.DEFAULT:
#  Implicit rule search has not been done.
#  Modification time never checked.
#  File has not been updated.

# files hash-table stats:
# Load=5/1024=0%, Rehash=0, Collisions=0/17=0%
# VPATH Search Paths

# No `vpath' search paths.

# No general (`VPATH' variable) search path.

# # of strings in strcache: 1
# # of strcache buffers: 1
# strcache size: total = 4096 / max = 4096 / min = 4096 / avg = 4096
# strcache free: total = 4087 / max = 4087 / min = 4087 / avg = 4087

# Finished Make data base on Thu Aug 12 21:11:18 2021

 
